40                  400                 14.0107794          
40                  450                 4.96454334          
40                  500                 1.66349328          
40                  550                 0.524127841         
40                  600                 0.422724217         
40                  650                 0.171809867         
40                  700                 0.138758153         
40                  750                 0.0158612672        
40                  800                 0.00347353751       
40                  850                 0.00101243681       
40                  900                 0.001051698         
40                  950                 9.71439949e-05      
40                  1000                1.36028135          
40                  1050                88.8226395          
40                  1100                330.675018          
45                  400                 34.8986168          
45                  450                 15.2997961          
45                  500                 4.34965277          
45                  550                 1.25316179          
45                  600                 0.648561478         
45                  650                 0.179786146         
45                  700                 0.0931947753        
45                  750                 0.0596696809        
45                  800                 0.00265975972       
45                  850                 0.00106760778       
45                  900                 0.00146073219       
45                  950                 9.71439949e-05      
45                  1000                1.36028135          
45                  1050                88.8226395          
45                  1100                330.675018          
50                  400                 79.8522415          
50                  450                 43.0546265          
50                  500                 15.2115545          
50                  550                 2.85465598          
50                  600                 0.974107683         
50                  650                 0.344381183         
50                  700                 0.0897300243        
50                  750                 0.060371954         
50                  800                 0.00707236771       
50                  850                 0.00187637901       
50                  900                 0.000950660673      
50                  950                 9.71439949e-05      
50                  1000                1.36028135          
50                  1050                88.8226395          
50                  1100                330.675018          
55                  400                 166.68985           
55                  450                 96.9091415          
55                  500                 40.6040421          
55                  550                 11.673315           
55                  600                 2.38871622          
55                  650                 0.555536866         
55                  700                 0.221781701         
55                  750                 0.070280984         
55                  800                 0.00501171872       
55                  850                 0.00600339705       
55                  900                 0.00405870378       
55                  950                 9.61849e-05         
55                  1000                1.36028135          
55                  1050                88.8226395          
55                  1100                330.675018          
60                  400                 301.433746          
60                  450                 185.731766          
60                  500                 97.1364136          
60                  550                 45.1016655          
60                  600                 8.59514809          
60                  650                 1.20334458          
60                  700                 0.177591965         
60                  750                 0.103225172         
60                  800                 0.0196937155        
60                  850                 0.00369340414       
60                  900                 0.000882459863      
60                  950                 9.6159587e-05       
60                  1000                1.36028135          
60                  1050                88.8226395          
60                  1100                330.675018          
65                  400                 479.976959          
65                  450                 300.235901          
65                  500                 167.62352           
65                  550                 87.412941           
65                  600                 22.1498985          
65                  650                 2.35897923          
65                  700                 0.597876251         
65                  750                 0.0854799524        
65                  800                 0.0539457053        
65                  850                 0.00810745265       
65                  900                 0.00213595899       
65                  950                 0.000176766873      
65                  1000                1.36028135          
65                  1050                88.8226395          
65                  1100                330.675018          
70                  400                 680.604248          
70                  450                 457.605896          
70                  500                 277.383362          
70                  550                 141.734955          
70                  600                 52.4479294          
70                  650                 12.9636745          
70                  700                 1.85099328          
70                  750                 0.172099993         
70                  800                 0.0835380852        
70                  850                 0.028264096         
70                  900                 0.00270939944       
70                  950                 0.000232505423      
70                  1000                1.37372398          
70                  1050                88.8226395          
70                  1100                330.675018          
75                  400                 892.455872          
75                  450                 622.942566          
75                  500                 412.161774          
75                  550                 235.157333          
75                  600                 101.732735          
75                  650                 34.0113831          
75                  700                 4.13186455          
75                  750                 0.633810222         
75                  800                 0.107431039         
75                  850                 0.0495665595        
75                  900                 0.00206190743       
75                  950                 0.00213867985       
75                  1000                1.38764226          
75                  1050                88.8226395          
75                  1100                330.675018          
80                  400                 1154.16211          
80                  450                 837.700928          
80                  500                 574.497803          
80                  550                 358.552887          
80                  600                 181.600693          
80                  650                 70.4218826          
80                  700                 19.8514442          
80                  750                 2.15078974          
80                  800                 0.246027172         
80                  850                 0.0684349909        
80                  900                 0.0192740578        
80                  950                 0.000931639457      
80                  1000                1.40119243          
80                  1050                88.8226395          
80                  1100                330.675018          
85                  400                 1429.32788          
85                  450                 1071.80725          
85                  500                 768.495728          
85                  550                 494.896271          
85                  600                 288.475525          
85                  650                 127.623787          
85                  700                 52.6515312          
85                  750                 12.4193954          
85                  800                 1.21030319          
85                  850                 0.203119949         
85                  900                 0.0321041085        
85                  950                 0.0120777152        
85                  1000                1.41395831          
85                  1050                88.8226395          
85                  1100                330.675018          
90                  400                 1734.64294          
90                  450                 1339.8103           
90                  500                 995.472412          
90                  550                 698.97583           
90                  600                 419.70755           
90                  650                 236.673233          
90                  700                 100.330223          
90                  750                 32.9225883          
90                  800                 6.08091497          
90                  850                 0.634777546         
90                  900                 0.0552329943        
90                  950                 0.0356159657        
90                  1000                1.42524779          
90                  1050                88.8226395          
90                  1100                330.675018          
0                   400                 9.61581463e-05      
0                   450                 9.61581609e-05      
0                   500                 9.61588448e-05      
0                   550                 9.61611222e-05      
0                   600                 9.61657497e-05      
0                   650                 9.64628416e-05      
0                   700                 9.77152959e-05      
0                   750                 9.66140869e-05      
0                   800                 0.000101465012      
0                   850                 0.000108404973      
0                   900                 0.000110803303      
0                   950                 9.71439949e-05      
0                   1000                1.36028135          
0                   1050                88.8226395          
0                   1100                330.675018          
